This is pdfTeX, Version 3.14159265-2.6-1.40.21 (TeX Live 2020/Debian) (preloaded format=pdflatex 2021.9.12)  20 SEP 2021 09:23
entering extended mode
 restricted \write18 enabled.
 %&-line parsing enabled.
**practica1.tex
(./practica1.tex
LaTeX2e <2020-10-01> patch level 4
L3 programming layer <2021-01-09> xparse <2020-03-03>
(/usr/share/texlive/texmf-dist/tex/latex/base/article.cls
Document Class: article 2020/04/10 v1.4m Standard LaTeX document class
(/usr/share/texlive/texmf-dist/tex/latex/base/size10.clo
File: size10.clo 2020/04/10 v1.4m Standard LaTeX file (size option)
)
\c@part=\count177
\c@section=\count178
\c@subsection=\count179
\c@subsubsection=\count180
\c@paragraph=\count181
\c@subparagraph=\count182
\c@figure=\count183
\c@table=\count184
\abovecaptionskip=\skip47
\belowcaptionskip=\skip48
\bibindent=\dimen138
)
(/usr/share/texlive/texmf-dist/tex/latex/graphics/graphicx.sty
Package: graphicx 2020/09/09 v1.2b Enhanced LaTeX Graphics (DPC,SPQR)

(/usr/share/texlive/texmf-dist/tex/latex/graphics/keyval.sty
Package: keyval 2014/10/28 v1.15 key=value parser (DPC)
\KV@toks@=\toks15
)
(/usr/share/texlive/texmf-dist/tex/latex/graphics/graphics.sty
Package: graphics 2020/08/30 v1.4c Standard LaTeX Graphics (DPC,SPQR)

(/usr/share/texlive/texmf-dist/tex/latex/graphics/trig.sty
Package: trig 2016/01/03 v1.10 sin cos tan (DPC)
)
(/usr/share/texlive/texmf-dist/tex/latex/graphics-cfg/graphics.cfg
File: graphics.cfg 2016/06/04 v1.11 sample graphics configuration
)
Package graphics Info: Driver file: pdftex.def on input line 105.

(/usr/share/texlive/texmf-dist/tex/latex/graphics-def/pdftex.def
File: pdftex.def 2020/10/05 v1.2a Graphics/color driver for pdftex
))
\Gin@req@height=\dimen139
\Gin@req@width=\dimen140
)
(/usr/share/texlive/texmf-dist/tex/latex/hyperref/hyperref.sty
Package: hyperref 2020-05-15 v7.00e Hypertext links for LaTeX

(/usr/share/texlive/texmf-dist/tex/generic/ltxcmds/ltxcmds.sty
Package: ltxcmds 2020-05-10 v1.25 LaTeX kernel commands for general use (HO)
)
(/usr/share/texlive/texmf-dist/tex/generic/iftex/iftex.sty
Package: iftex 2020/03/06 v1.0d TeX engine tests
)
(/usr/share/texlive/texmf-dist/tex/generic/pdftexcmds/pdftexcmds.sty
Package: pdftexcmds 2020-06-27 v0.33 Utility functions of pdfTeX for LuaTeX (HO
)

(/usr/share/texlive/texmf-dist/tex/generic/infwarerr/infwarerr.sty
Package: infwarerr 2019/12/03 v1.5 Providing info/warning/error messages (HO)
)
Package pdftexcmds Info: \pdf@primitive is available.
Package pdftexcmds Info: \pdf@ifprimitive is available.
Package pdftexcmds Info: \pdfdraftmode found.
)
(/usr/share/texlive/texmf-dist/tex/generic/kvsetkeys/kvsetkeys.sty
Package: kvsetkeys 2019/12/15 v1.18 Key value parser (HO)
)
(/usr/share/texlive/texmf-dist/tex/generic/kvdefinekeys/kvdefinekeys.sty
Package: kvdefinekeys 2019-12-19 v1.6 Define keys (HO)
)
(/usr/share/texlive/texmf-dist/tex/generic/pdfescape/pdfescape.sty
Package: pdfescape 2019/12/09 v1.15 Implements pdfTeX's escape features (HO)
)
(/usr/share/texlive/texmf-dist/tex/latex/hycolor/hycolor.sty
Package: hycolor 2020-01-27 v1.10 Color options for hyperref/bookmark (HO)
)
(/usr/share/texlive/texmf-dist/tex/latex/letltxmacro/letltxmacro.sty
Package: letltxmacro 2019/12/03 v1.6 Let assignment for LaTeX macros (HO)
)
(/usr/share/texlive/texmf-dist/tex/latex/auxhook/auxhook.sty
Package: auxhook 2019-12-17 v1.6 Hooks for auxiliary files (HO)
)
(/usr/share/texlive/texmf-dist/tex/latex/kvoptions/kvoptions.sty
Package: kvoptions 2020-10-07 v3.14 Key value format for package options (HO)
)
\@linkdim=\dimen141
\Hy@linkcounter=\count185
\Hy@pagecounter=\count186

(/usr/share/texlive/texmf-dist/tex/latex/hyperref/pd1enc.def
File: pd1enc.def 2020-05-15 v7.00e Hyperref: PDFDocEncoding definition (HO)
Now handling font encoding PD1 ...
... no UTF-8 mapping file for font encoding PD1
)
(/usr/share/texlive/texmf-dist/tex/generic/intcalc/intcalc.sty
Package: intcalc 2019/12/15 v1.3 Expandable calculations with integers (HO)
)
(/usr/share/texlive/texmf-dist/tex/generic/etexcmds/etexcmds.sty
Package: etexcmds 2019/12/15 v1.7 Avoid name clashes with e-TeX commands (HO)
)
\Hy@SavedSpaceFactor=\count187
Package hyperref Info: Hyper figures OFF on input line 4464.
Package hyperref Info: Link nesting OFF on input line 4469.
Package hyperref Info: Hyper index ON on input line 4472.
Package hyperref Info: Plain pages OFF on input line 4479.
Package hyperref Info: Backreferencing OFF on input line 4484.
Package hyperref Info: Implicit mode ON; LaTeX internals redefined.
Package hyperref Info: Bookmarks ON on input line 4717.
\c@Hy@tempcnt=\count188

(/usr/share/texlive/texmf-dist/tex/latex/url/url.sty
\Urlmuskip=\muskip16
Package: url 2013/09/16  ver 3.4  Verb mode for urls, etc.
)
LaTeX Info: Redefining \url on input line 5076.
\XeTeXLinkMargin=\dimen142

(/usr/share/texlive/texmf-dist/tex/generic/bitset/bitset.sty
Package: bitset 2019/12/09 v1.3 Handle bit-vector datatype (HO)

(/usr/share/texlive/texmf-dist/tex/generic/bigintcalc/bigintcalc.sty
Package: bigintcalc 2019/12/15 v1.5 Expandable calculations on big integers (HO
)
))
\Fld@menulength=\count189
\Field@Width=\dimen143
\Fld@charsize=\dimen144
Package hyperref Info: Hyper figures OFF on input line 6347.
Package hyperref Info: Link nesting OFF on input line 6352.
Package hyperref Info: Hyper index ON on input line 6355.
Package hyperref Info: backreferencing OFF on input line 6362.
Package hyperref Info: Link coloring OFF on input line 6367.
Package hyperref Info: Link coloring with OCG OFF on input line 6372.
Package hyperref Info: PDF/A mode OFF on input line 6377.
LaTeX Info: Redefining \ref on input line 6417.
LaTeX Info: Redefining \pageref on input line 6421.

(/usr/share/texlive/texmf-dist/tex/latex/base/atbegshi-ltx.sty
Package: atbegshi-ltx 2020/08/17 v1.0a Emulation of the original atbegshi packa
ge
with kernel methods
)
\Hy@abspage=\count190
\c@Item=\count191
\c@Hfootnote=\count192
)
Package hyperref Info: Driver (autodetected): hpdftex.

(/usr/share/texlive/texmf-dist/tex/latex/hyperref/hpdftex.def
File: hpdftex.def 2020-05-15 v7.00e Hyperref driver for pdfTeX

(/usr/share/texlive/texmf-dist/tex/latex/base/atveryend-ltx.sty
Package: atveryend-ltx 2020/08/19 v1.0a Emulation of the original atvery packag
e
with kernel methods
)
\Fld@listcount=\count193
\c@bookmark@seq@number=\count194

(/usr/share/texlive/texmf-dist/tex/latex/rerunfilecheck/rerunfilecheck.sty
Package: rerunfilecheck 2019/12/05 v1.9 Rerun checks for auxiliary files (HO)

(/usr/share/texlive/texmf-dist/tex/generic/uniquecounter/uniquecounter.sty
Package: uniquecounter 2019/12/15 v1.4 Provide unlimited unique counter (HO)
)
Package uniquecounter Info: New unique counter `rerunfilecheck' on input line 2
86.
)
\Hy@SectionHShift=\skip49
)
(/usr/share/texlive/texmf-dist/tex/latex/float/float.sty
Package: float 2001/11/08 v1.3d Float enhancements (AL)
\c@float@type=\count195
\float@exts=\toks16
\float@box=\box47
\@float@everytoks=\toks17
\@floatcapt=\box48
)
(/usr/share/texlive/texmf-dist/tex/latex/tools/multicol.sty
Package: multicol 2019/12/09 v1.8y multicolumn formatting (FMi)
\c@tracingmulticols=\count196
\mult@box=\box49
\multicol@leftmargin=\dimen145
\c@unbalance=\count197
\c@collectmore=\count198
\doublecol@number=\count199
\multicoltolerance=\count266
\multicolpretolerance=\count267
\full@width=\dimen146
\page@free=\dimen147
\premulticols=\dimen148
\postmulticols=\dimen149
\multicolsep=\skip50
\multicolbaselineskip=\skip51
\partial@page=\box50
\last@line=\box51
\maxbalancingoverflow=\dimen150
\mult@rightbox=\box52
\mult@grightbox=\box53
\mult@gfirstbox=\box54
\mult@firstbox=\box55
\@tempa=\box56
\@tempa=\box57
\@tempa=\box58
\@tempa=\box59
\@tempa=\box60
\@tempa=\box61
\@tempa=\box62
\@tempa=\box63
\@tempa=\box64
\@tempa=\box65
\@tempa=\box66
\@tempa=\box67
\@tempa=\box68
\@tempa=\box69
\@tempa=\box70
\@tempa=\box71
\@tempa=\box72
\@tempa=\box73
\@tempa=\box74
\@tempa=\box75
\@tempa=\box76
\@tempa=\box77
\@tempa=\box78
\@tempa=\box79
\@tempa=\box80
\@tempa=\box81
\@tempa=\box82
\@tempa=\box83
\@tempa=\box84
\@tempa=\box85
\@tempa=\box86
\@tempa=\box87
\@tempa=\box88
\@tempa=\box89
\@tempa=\box90
\@tempa=\box91
\@tempa=\box92
\c@minrows=\count268
\c@columnbadness=\count269
\c@finalcolumnbadness=\count270
\last@try=\dimen151
\multicolovershoot=\dimen152
\multicolundershoot=\dimen153
\mult@nat@firstbox=\box93
\colbreak@box=\box94
\mc@col@check@num=\count271
)
(/usr/share/texlive/texmf-dist/tex/latex/l3backend/l3backend-pdftex.def
File: l3backend-pdftex.def 2020-01-29 L3 backend support: PDF output (pdfTeX)
\l__color_backend_stack_int=\count272
\l__pdf_internal_box=\box95
)
(./practica1.aux)
\openout1 = `practica1.aux'.

LaTeX Font Info:    Checking defaults for OML/cmm/m/it on input line 11.
LaTeX Font Info:    ... okay on input line 11.
LaTeX Font Info:    Checking defaults for OMS/cmsy/m/n on input line 11.
LaTeX Font Info:    ... okay on input line 11.
LaTeX Font Info:    Checking defaults for OT1/cmr/m/n on input line 11.
LaTeX Font Info:    ... okay on input line 11.
LaTeX Font Info:    Checking defaults for T1/cmr/m/n on input line 11.
LaTeX Font Info:    ... okay on input line 11.
LaTeX Font Info:    Checking defaults for TS1/cmr/m/n on input line 11.
LaTeX Font Info:    ... okay on input line 11.
LaTeX Font Info:    Checking defaults for OMX/cmex/m/n on input line 11.
LaTeX Font Info:    ... okay on input line 11.
LaTeX Font Info:    Checking defaults for U/cmr/m/n on input line 11.
LaTeX Font Info:    ... okay on input line 11.
LaTeX Font Info:    Checking defaults for PD1/pdf/m/n on input line 11.
LaTeX Font Info:    ... okay on input line 11.

(/usr/share/texlive/texmf-dist/tex/context/base/mkii/supp-pdf.mkii
[Loading MPS to PDF converter (version 2006.09.02).]
\scratchcounter=\count273
\scratchdimen=\dimen154
\scratchbox=\box96
\nofMPsegments=\count274
\nofMParguments=\count275
\everyMPshowfont=\toks18
\MPscratchCnt=\count276
\MPscratchDim=\dimen155
\MPnumerator=\count277
\makeMPintoPDFobject=\count278
\everyMPtoPDFconversion=\toks19
) (/usr/share/texlive/texmf-dist/tex/latex/epstopdf-pkg/epstopdf-base.sty
Package: epstopdf-base 2020-01-24 v2.11 Base part for package epstopdf
Package epstopdf-base Info: Redefining graphics rule for `.eps' on input line 4
85.

(/usr/share/texlive/texmf-dist/tex/latex/latexconfig/epstopdf-sys.cfg
File: epstopdf-sys.cfg 2010/07/13 v1.3 Configuration of (r)epstopdf for TeX Liv
e
))
Package hyperref Info: Link coloring OFF on input line 11.

(/usr/share/texlive/texmf-dist/tex/latex/hyperref/nameref.sty
Package: nameref 2019/09/16 v2.46 Cross-referencing by name of section

(/usr/share/texlive/texmf-dist/tex/latex/refcount/refcount.sty
Package: refcount 2019/12/15 v3.6 Data extraction from label references (HO)
)
(/usr/share/texlive/texmf-dist/tex/generic/gettitlestring/gettitlestring.sty
Package: gettitlestring 2019/12/15 v1.6 Cleanup title references (HO)
)
\c@section@level=\count279
)
LaTeX Info: Redefining \ref on input line 11.
LaTeX Info: Redefining \pageref on input line 11.
LaTeX Info: Redefining \nameref on input line 11.

(./practica1.out) (./practica1.out)
\@outlinefile=\write3
\openout3 = `practica1.out'.

LaTeX Font Info:    External font `cmex10' loaded for size
(Font)              <12> on input line 14.
LaTeX Font Info:    External font `cmex10' loaded for size
(Font)              <8> on input line 14.
LaTeX Font Info:    External font `cmex10' loaded for size
(Font)              <6> on input line 14.
 [1

{/var/lib/texmf/fonts/map/pdftex/updmap/pdftex.map}]
Underfull \hbox (badness 10000) in paragraph at lines 34--35

 []

<images/comp.png, id=98, 851.18pt x 408.52625pt>
File: images/comp.png Graphic file (type png)
<use images/comp.png>
Package pdftex.def Info: images/comp.png  used on input line 40.
(pdftex.def)             Requested size: 255.35596pt x 122.55882pt.
<images/javacomp1.png, id=99, 1371.1225pt x 770.88pt>
File: images/javacomp1.png Graphic file (type png)
<use images/javacomp1.png>
Package pdftex.def Info: images/javacomp1.png  used on input line 48.
(pdftex.def)             Requested size: 246.7914pt x 138.75241pt.
[2pdfTeX warning (ext4): destination with the same identifier (name{figure.1}) 
has been already used, duplicate ignored
<argument> ...shipout:D \box_use:N \l_shipout_box 
                                                  
l.53 		
       pdfTeX warning (ext4): destination with the same identifier (name{figure
.2}) has been already used, duplicate ignored
<argument> ...shipout:D \box_use:N \l_shipout_box 
                                                  
l.53 		
        <./images/comp.png> <./images/javacomp1.png>]
<images/javacomp2.png, id=108, 1371.1225pt x 770.88pt>
File: images/javacomp2.png Graphic file (type png)
<use images/javacomp2.png>
Package pdftex.def Info: images/javacomp2.png  used on input line 56.
(pdftex.def)             Requested size: 274.21964pt x 154.17326pt.
 [3pdfTeX warning (ext4): destination with the same identifier (name{figure.3})
 has been already used, duplicate ignored
<argument> ...shipout:D \box_use:N \l_shipout_box 
                                                  
l.59 		\newpage
                <./images/javacomp2.png>]
<images/corettodoc.png, id=115, 1038.88126pt x 598.235pt>
File: images/corettodoc.png Graphic file (type png)
<use images/corettodoc.png>
Package pdftex.def Info: images/corettodoc.png  used on input line 67.
(pdftex.def)             Requested size: 363.61389pt x 209.38538pt.

Overfull \hbox (18.61389pt too wide) in paragraph at lines 67--68
 [][] 
 []

<images/terminaljdk.png, id=116, 737.75626pt x 172.645pt>
File: images/terminaljdk.png Graphic file (type png)
<use images/terminaljdk.png>
Package pdftex.def Info: images/terminaljdk.png  used on input line 75.
(pdftex.def)             Requested size: 405.7672pt x 94.95503pt.

Overfull \hbox (60.7672pt too wide) in paragraph at lines 75--76
 [][] 
 []

[4pdfTeX warning (ext4): destination with the same identifier (name{figure.4}) 
has been already used, duplicate ignored
<argument> ...shipout:D \box_use:N \l_shipout_box 
                                                  
l.85 			E
         s importante que el nombre del archivo sea exactamente el mismo que...
pdfTeX warning (ext4): destination with the same identifier (name{figure.5}) ha
s been already used, duplicate ignored
<argument> ...shipout:D \box_use:N \l_shipout_box 
                                                  
l.85 			E
         s importante que el nombre del archivo sea exactamente el mismo que...
 <./images/corettodoc.png> <./images/terminaljdk.png>]
<images/holamundo.png, id=123, 457.71pt x 256.96pt>
File: images/holamundo.png Graphic file (type png)
<use images/holamundo.png>
Package pdftex.def Info: images/holamundo.png  used on input line 89.
(pdftex.def)             Requested size: 366.1685pt x 205.56827pt.

Overfull \hbox (21.1685pt too wide) in paragraph at lines 89--90
 [][] 
 []


Underfull \hbox (badness 10000) in paragraph at lines 95--96

 []


Underfull \hbox (badness 10000) in paragraph at lines 97--98

 []

<images/holamundocomp.png, id=124, 668.4975pt x 254.9525pt>
File: images/holamundocomp.png Graphic file (type png)
<use images/holamundocomp.png>
Package pdftex.def Info: images/holamundocomp.png  used on input line 103.
(pdftex.def)             Requested size: 334.24792pt x 127.47592pt.
[5pdfTeX warning (ext4): destination with the same identifier (name{figure.6}) 
has been already used, duplicate ignored
<argument> ...shipout:D \box_use:N \l_shipout_box 
                                                  
l.106 		
         <./images/holamundo.png>]
Underfull \hbox (badness 10000) in paragraph at lines 109--110

 []

<images/ide.png, id=130, 1371.1225pt x 770.88pt>
File: images/ide.png Graphic file (type png)
<use images/ide.png>
Package pdftex.def Info: images/ide.png  used on input line 115.
(pdftex.def)             Requested size: 342.77979pt x 192.71953pt.

Underfull \hbox (badness 10000) in paragraph at lines 123--124

 []

[6pdfTeX warning (ext4): destination with the same identifier (name{figure.7}) 
has been already used, duplicate ignored
<argument> ...shipout:D \box_use:N \l_shipout_box 
                                                  
l.124 		
        pdfTeX warning (ext4): destination with the same identifier (name{figur
e.8}) has been already used, duplicate ignored
<argument> ...shipout:D \box_use:N \l_shipout_box 
                                                  
l.124 		
         <./images/holamundocomp.png> <./images/ide.png>]
<images/miclase.png, id=137, 451.6875pt x 165.61874pt>
File: images/miclase.png Graphic file (type png)
<use images/miclase.png>
Package pdftex.def Info: images/miclase.png  used on input line 129.
(pdftex.def)             Requested size: 361.35048pt x 132.49516pt.

Overfull \hbox (16.35048pt too wide) in paragraph at lines 129--130
 [][] 
 []

<images/miclase2.png, id=138, 373.395pt x 139.52126pt>
File: images/miclase2.png Graphic file (type png)
<use images/miclase2.png>
Package pdftex.def Info: images/miclase2.png  used on input line 137.
(pdftex.def)             Requested size: 373.39409pt x 139.5209pt.

Overfull \hbox (28.39409pt too wide) in paragraph at lines 137--138
 [][] 
 []

<images/miclasemain.png, id=139, 444.66125pt x 142.5325pt>
File: images/miclasemain.png Graphic file (type png)
<use images/miclasemain.png>
Package pdftex.def Info: images/miclasemain.png  used on input line 143.
(pdftex.def)             Requested size: 355.72948pt x 114.02614pt.

Overfull \hbox (10.72948pt too wide) in paragraph at lines 143--144
 [][] 
 []

[7pdfTeX warning (ext4): destination with the same identifier (name{figure.9}) 
has been already used, duplicate ignored
<argument> ...shipout:D \box_use:N \l_shipout_box 
                                                  
l.146 	
       pdfTeX warning (ext4): destination with the same identifier (name{figure
.10}) has been already used, duplicate ignored
<argument> ...shipout:D \box_use:N \l_shipout_box 
                                                  
l.146 	
        <./images/miclase.png> <./images/miclase2.png>]
<images/miclasecoments.png, id=147, 599.23875pt x 321.2pt>
File: images/miclasecoments.png Graphic file (type png)
<use images/miclasecoments.png>
Package pdftex.def Info: images/miclasecoments.png  used on input line 153.
(pdftex.def)             Requested size: 359.54602pt x 192.72148pt.

Overfull \hbox (14.54602pt too wide) in paragraph at lines 153--154
 [][] 
 []

[8pdfTeX warning (ext4): destination with the same identifier (name{figure.11})
 has been already used, duplicate ignored
<argument> ...shipout:D \box_use:N \l_shipout_box 
                                                  
l.156 		\newpage
                pdfTeX warning (ext4): destination with the same identifier (na
me{figure.12}) has been already used, duplicate ignored
<argument> ...shipout:D \box_use:N \l_shipout_box 
                                                  
l.156 		\newpage
                 <./images/miclasemain.png> <./images/miclasecoments.png>]
<images/words.png, id=154, 899.36pt x 295.1025pt>
File: images/words.png Graphic file (type png)
<use images/words.png>
Package pdftex.def Info: images/words.png  used on input line 166.
(pdftex.def)             Requested size: 359.73763pt x 118.0389pt.

Overfull \hbox (14.73763pt too wide) in paragraph at lines 166--167
 [][] 
 []

[9pdfTeX warning (ext4): destination with the same identifier (name{figure.13})
 has been already used, duplicate ignored
<argument> ...shipout:D \box_use:N \l_shipout_box 
                                                  
l.169  		\newpage
                  <./images/words.png>]
File: images/terminaljdk.png Graphic file (type png)
<use images/terminaljdk.png>
Package pdftex.def Info: images/terminaljdk.png  used on input line 179.
(pdftex.def)             Requested size: 442.65717pt x 103.58778pt.

Overfull \hbox (97.65717pt too wide) in paragraph at lines 179--180
 [][] 
 []


Underfull \hbox (badness 10000) in paragraph at lines 185--186

 []


Underfull \hbox (badness 10000) in paragraph at lines 187--188

 []


Overfull \hbox (10.298pt too wide) in paragraph at lines 189--190
[]\OT1/cmr/m/n/10 Antes de cada so-lic-i-tud de \OT1/cmr/m/it/10 in-put \OT1/cm
r/m/n/10 im-primi una leyenda con [][]\OT1/cmtt/m/n/10 System.out.println
 []


Underfull \hbox (badness 10000) in paragraph at lines 189--190

 []

<images/numbers.png, id=160, 746.79pt x 406.51875pt>
File: images/numbers.png Graphic file (type png)
<use images/numbers.png>
Package pdftex.def Info: images/numbers.png  used on input line 195.
(pdftex.def)             Requested size: 373.39407pt x 203.25887pt.

Overfull \hbox (28.39407pt too wide) in paragraph at lines 195--196
 [][] 
 []

[10pdfTeX warning (ext4): destination with the same identifier (name{figure.14}
) has been already used, duplicate ignored
<argument> ...shipout:D \box_use:N \l_shipout_box 
                                                  
l.198  	
        ]
<images/numbersout.png, id=167, 437.635pt x 290.08376pt>
File: images/numbersout.png Graphic file (type png)
<use images/numbersout.png>
Package pdftex.def Info: images/numbersout.png  used on input line 201.
(pdftex.def)             Requested size: 328.22543pt x 217.56227pt.
 [11pdfTeX warning (ext4): destination with the same identifier (name{figure.15
}) has been already used, duplicate ignored
<argument> ...shipout:D \box_use:N \l_shipout_box 
                                                  
l.208  		
         pdfTeX warning (ext4): destination with the same identifier (name{figu
re.16}) has been already used, duplicate ignored
<argument> ...shipout:D \box_use:N \l_shipout_box 
                                                  
l.208  		
          <./images/numbers.png> <./images/numbersout.png>]
<images/stars.png, id=174, 649.42625pt x 358.33875pt>
File: images/stars.png Graphic file (type png)
<use images/stars.png>
Package pdftex.def Info: images/stars.png  used on input line 211.
(pdftex.def)             Requested size: 324.71233pt x 179.16893pt.
<images/starsout.png, id=175, 440.64626pt x 299.1175pt>
File: images/starsout.png Graphic file (type png)
<use images/starsout.png>
Package pdftex.def Info: images/starsout.png  used on input line 217.
(pdftex.def)             Requested size: 264.38979pt x 179.47188pt.

Underfull \hbox (badness 10000) in paragraph at lines 223--224

 []

[12pdfTeX warning (ext4): destination with the same identifier (name{figure.17}
) has been already used, duplicate ignored
<argument> ...shipout:D \box_use:N \l_shipout_box 
                                                  
l.224  		
         pdfTeX warning (ext4): destination with the same identifier (name{figu
re.18}) has been already used, duplicate ignored
<argument> ...shipout:D \box_use:N \l_shipout_box 
                                                  
l.224  		
          <./images/stars.png> <./images/starsout.png>]
Underfull \hbox (badness 10000) in paragraph at lines 225--226

 []


Underfull \hbox (badness 10000) in paragraph at lines 227--228

 []


Underfull \hbox (badness 10000) in paragraph at lines 229--230

 []


Underfull \hbox (badness 10000) in paragraph at lines 231--232

 []


Underfull \hbox (badness 10000) in paragraph at lines 238--239

 []


Underfull \hbox (badness 10000) in paragraph at lines 240--241

 []

<images/enteros.png, id=182, 797.98125pt x 582.175pt>
File: images/enteros.png Graphic file (type png)
<use images/enteros.png>
Package pdftex.def Info: images/enteros.png  used on input line 246.
(pdftex.def)             Requested size: 438.89104pt x 320.19724pt.

Overfull \hbox (93.89104pt too wide) in paragraph at lines 246--247
 [][] 
 []

[13]
<images/enterosout.png, id=188, 439.6425pt x 354.32375pt>
File: images/enterosout.png Graphic file (type png)
<use images/enterosout.png>
Package pdftex.def Info: images/enterosout.png  used on input line 252.
(pdftex.def)             Requested size: 263.78752pt x 212.59589pt.
 [14pdfTeX warning (ext4): destination with the same identifier (name{figure.19
}) has been already used, duplicate ignored
<argument> ...shipout:D \box_use:N \l_shipout_box 
                                                  
l.255  	
         <./images/enteros.png>]
Underfull \hbox (badness 10000) in paragraph at lines 258--259

 []


Underfull \hbox (badness 10000) in paragraph at lines 260--261

 []


Underfull \hbox (badness 10000) in paragraph at lines 262--263

 []


Underfull \hbox (badness 10000) in paragraph at lines 264--265

 []

<images/sphere.png, id=194, 894.34125pt x 343.2825pt>
File: images/sphere.png Graphic file (type png)
<use images/sphere.png>
Package pdftex.def Info: images/sphere.png  used on input line 270.
(pdftex.def)             Requested size: 447.16953pt x 171.64082pt.

Overfull \hbox (102.16953pt too wide) in paragraph at lines 270--271
 [][] 
 []

[15pdfTeX warning (ext4): destination with the same identifier (name{figure.20}
) has been already used, duplicate ignored
<argument> ...shipout:D \box_use:N \l_shipout_box 
                                                  
l.273  		
          <./images/enterosout.png>]
<images/sphereout.png, id=200, 441.65pt x 207.77625pt>
File: images/sphereout.png Graphic file (type png)
<use images/sphereout.png>
Package pdftex.def Info: images/sphereout.png  used on input line 276.
(pdftex.def)             Requested size: 353.32047pt x 166.2212pt.

Overfull \hbox (8.32047pt too wide) in paragraph at lines 276--277
 [][] 
 []

[16pdfTeX warning (ext4): destination with the same identifier (name{figure.21}
) has been already used, duplicate ignored
<argument> ...shipout:D \box_use:N \l_shipout_box 
                                                  
l.279  		\newpage
                 pdfTeX warning (ext4): destination with the same identifier (n
ame{figure.22}) has been already used, duplicate ignored
<argument> ...shipout:D \box_use:N \l_shipout_box 
                                                  
l.279  		\newpage
                  <./images/sphere.png> <./images/sphereout.png>]
LaTeX Font Info:    External font `cmex10' loaded for size
(Font)              <7> on input line 283.
LaTeX Font Info:    External font `cmex10' loaded for size
(Font)              <5> on input line 283.

Underfull \hbox (badness 10000) in paragraph at lines 283--284

 []


Underfull \hbox (badness 10000) in paragraph at lines 285--286

 []


Underfull \hbox (badness 10000) in paragraph at lines 287--288

 []


Underfull \hbox (badness 10000) in paragraph at lines 289--290

 []

[17] (./practica1.aux)
Package rerunfilecheck Info: File `practica1.out' has not changed.
(rerunfilecheck)             Checksum: ADC8CD8627DD69753B0956E77961AD24;1470.
 ) 
Here is how much of TeX's memory you used:
 5603 strings out of 479304
 87745 string characters out of 5869779
 392127 words of memory out of 5000000
 22634 multiletter control sequences out of 15000+600000
 408534 words of font info for 44 fonts, out of 8000000 for 9000
 1141 hyphenation exceptions out of 8191
 71i,6n,74p,536b,317s stack positions out of 5000i,500n,10000p,200000b,80000s
{/usr/share/texmf/fonts/enc/dvips/cm-super/cm-super-ts1.enc}</usr/share/texli
ve/texmf-dist/fonts/type1/public/amsfonts/cm/cmbx10.pfb></usr/share/texlive/tex
mf-dist/fonts/type1/public/amsfonts/cm/cmbx12.pfb></usr/share/texlive/texmf-dis
t/fonts/type1/public/amsfonts/cm/cmr10.pfb></usr/share/texlive/texmf-dist/fonts
/type1/public/amsfonts/cm/cmr12.pfb></usr/share/texlive/texmf-dist/fonts/type1/
public/amsfonts/cm/cmr17.pfb></usr/share/texlive/texmf-dist/fonts/type1/public/
amsfonts/cm/cmr7.pfb></usr/share/texlive/texmf-dist/fonts/type1/public/amsfonts
/cm/cmsy10.pfb></usr/share/texlive/texmf-dist/fonts/type1/public/amsfonts/cm/cm
ti10.pfb></usr/share/texlive/texmf-dist/fonts/type1/public/amsfonts/cm/cmtt10.p
fb></usr/share/texmf/fonts/type1/public/cm-super/sfrm1000.pfb>
Output written on practica1.pdf (17 pages, 1944923 bytes).
PDF statistics:
 264 PDF objects out of 1000 (max. 8388607)
 211 compressed objects within 3 object streams
 61 named destinations out of 1000 (max. 500000)
 274 words of extra memory for PDF output out of 10000 (max. 10000000)

