\BOOKMARK [1][-]{section.1}{Objetivo}{}% 1
\BOOKMARK [1][-]{section.2}{Actividades}{}% 2
\BOOKMARK [1][-]{section.3}{Manual de Practicas - Desarrollo}{}% 3
\BOOKMARK [2][-]{subsection.3.1}{Instalacion}{section.3}% 4
\BOOKMARK [3][-]{subsubsection.3.1.1}{Java Virtual Machine \(JVM\) y Programas en Java}{subsection.3.1}% 5
\BOOKMARK [3][-]{subsubsection.3.1.2}{Herramientas de Desarrollo \(JDK\)}{subsection.3.1}% 6
\BOOKMARK [2][-]{subsection.3.2}{Programando en Java}{section.3}% 7
\BOOKMARK [3][-]{subsubsection.3.2.1}{Codificacion}{subsection.3.2}% 8
\BOOKMARK [3][-]{subsubsection.3.2.2}{Compilacion y Programacion}{subsection.3.2}% 9
\BOOKMARK [3][-]{subsubsection.3.2.3}{Entorno de Desarrollo Integrado \(IDE\)}{subsection.3.2}% 10
\BOOKMARK [2][-]{subsection.3.3}{Estructura de un Programa en Java}{section.3}% 11
\BOOKMARK [3][-]{subsubsection.3.3.1}{Estructura de Clase}{subsection.3.3}% 12
\BOOKMARK [3][-]{subsubsection.3.3.2}{Comentarios}{subsection.3.3}% 13
\BOOKMARK [3][-]{subsubsection.3.3.3}{Palabras Reservadas}{subsection.3.3}% 14
\BOOKMARK [1][-]{section.4}{Practica Sugerida - Desarrollo}{}% 15
\BOOKMARK [2][-]{subsection.4.1}{Ejercicio 1}{section.4}% 16
\BOOKMARK [2][-]{subsection.4.2}{Ejercicio 2}{section.4}% 17
\BOOKMARK [2][-]{subsection.4.3}{Ejercicio 3}{section.4}% 18
\BOOKMARK [2][-]{subsection.4.4}{Ejercicio 4}{section.4}% 19
\BOOKMARK [2][-]{subsection.4.5}{Ejercicio 5}{section.4}% 20
\BOOKMARK [1][-]{section.5}{Conclusiones}{}% 21
